<?xml version="1.0" encoding="UTF-8"?>
<testsuite xmlns:xsi="http://www.w3.org/2001/XMLSchema-instance" xsi:noNamespaceSchemaLocation="https://maven.apache.org/surefire/maven-surefire-plugin/xsd/surefire-test-report.xsd" name="com.crm.CrmApplicationTests" time="21.983" tests="3" errors="0" skipped="0" failures="0">
  <properties>
[...]
</properties>
  <testcase name="getEmployee" classname="com.crm.CrmApplicationTests" time="1.013"/>
  <testcase name="getPackage" classname="com.crm.CrmApplicationTests" time="0.028"/>
  <testcase name="createEmployee" classname="com.crm.CrmApplicationTests" time="0.135"/>
</testsuite>